
> nira-web@0.1.0 dev
> vite --port 3000


  [32m[1mVITE[22m v5.4.21[39m  [2mready in [0m[1m266[22m[2m[0m ms[22m

  [32m➜[39m  [1mLocal[22m:   [36mhttp://localhost:[1m3000[22m/[39m
[2m  [32m➜[39m  [1mNetwork[22m[2m: use [22m[1m--host[22m[2m to expose[22m

> nira-web@0.1.0 dev
> vite --port 3000


  [32m[1mVITE[22m v5.4.21[39m  [2mready in [0m[1m254[22m[2m[0m ms[22m

  [32m➜[39m  [1mLocal[22m:   [36mhttp://localhost:[1m3000[22m/[39m
[2m  [32m➜[39m  [1mNetwork[22m[2m: use [22m[1m--host[22m[2m to expose[22m

> nira-web@0.1.0 dev
> vite --port 3000


  [32m[1mVITE[22m v5.4.21[39m  [2mready in [0m[1m255[22m[2m[0m ms[22m

  [32m➜[39m  [1mLocal[22m:   [36mhttp://localhost:[1m3000[22m/[39m
[2m  [32m➜[39m  [1mNetwork[22m[2m: use [22m[1m--host[22m[2m to expose[22m

> nira-web@0.1.0 dev
> vite --port 3000


  [32m[1mVITE[22m v5.4.21[39m  [2mready in [0m[1m253[22m[2m[0m ms[22m

  [32m➜[39m  [1mLocal[22m:   [36mhttp://localhost:[1m3000[22m/[39m
[2m  [32m➜[39m  [1mNetwork[22m[2m: use [22m[1m--host[22m[2m to expose[22m

> nira-web@0.1.0 dev
> vite --port 3000


  [32m[1mVITE[22m v5.4.21[39m  [2mready in [0m[1m263[22m[2m[0m ms[22m

  [32m➜[39m  [1mLocal[22m:   [36mhttp://localhost:[1m3000[22m/[39m
[2m  [32m➜[39m  [1mNetwork[22m[2m: use [22m[1m--host[22m[2m to expose[22m

> nira-web@0.1.0 dev
> vite --port 3000


  [32m[1mVITE[22m v5.4.21[39m  [2mready in [0m[1m256[22m[2m[0m ms[22m

  [32m➜[39m  [1mLocal[22m:   [36mhttp://localhost:[1m3000[22m/[39m
[2m  [32m➜[39m  [1mNetwork[22m[2m: use [22m[1m--host[22m[2m to expose[22m

> nira-web@0.1.0 dev
> vite --port 3000


  [32m[1mVITE[22m v5.4.21[39m  [2mready in [0m[1m255[22m[2m[0m ms[22m

  [32m➜[39m  [1mLocal[22m:   [36mhttp://localhost:[1m3000[22m/[39m
[2m  [32m➜[39m  [1mNetwork[22m[2m: use [22m[1m--host[22m[2m to expose[22m

> nira-web@0.1.0 dev
> vite --port 3000


  [32m[1mVITE[22m v5.4.21[39m  [2mready in [0m[1m267[22m[2m[0m ms[22m

  [32m➜[39m  [1mLocal[22m:   [36mhttp://localhost:[1m3000[22m/[39m
[2m  [32m➜[39m  [1mNetwork[22m[2m: use [22m[1m--host[22m[2m to expose[22m

> nira-web@0.1.0 dev
> vite --port 3000


  [32m[1mVITE[22m v5.4.21[39m  [2mready in [0m[1m258[22m[2m[0m ms[22m

  [32m➜[39m  [1mLocal[22m:   [36mhttp://localhost:[1m3000[22m/[39m
[2m  [32m➜[39m  [1mNetwork[22m[2m: use [22m[1m--host[22m[2m to expose[22m

> nira-web@0.1.0 dev
> vite --port 3000


  [32m[1mVITE[22m v5.4.21[39m  [2mready in [0m[1m257[22m[2m[0m ms[22m

  [32m➜[39m  [1mLocal[22m:   [36mhttp://localhost:[1m3000[22m/[39m
[2m  [32m➜[39m  [1mNetwork[22m[2m: use [22m[1m--host[22m[2m to expose[22m

> nira-web@0.1.0 dev
> vite --port 3000


  [32m[1mVITE[22m v5.4.21[39m  [2mready in [0m[1m255[22m[2m[0m ms[22m

  [32m➜[39m  [1mLocal[22m:   [36mhttp://localhost:[1m3000[22m/[39m
[2m  [32m➜[39m  [1mNetwork[22m[2m: use [22m[1m--host[22m[2m to expose[22m

> nira-web@0.1.0 dev
> vite --port 3000


  [32m[1mVITE[22m v5.4.21[39m  [2mready in [0m[1m324[22m[2m[0m ms[22m

  [32m➜[39m  [1mLocal[22m:   [36mhttp://localhost:[1m3000[22m/[39m
[2m  [32m➜[39m  [1mNetwork[22m[2m: use [22m[1m--host[22m[2m to expose[22m

> nira-web@0.1.0 dev
> vite --port 3000


  [32m[1mVITE[22m v5.4.21[39m  [2mready in [0m[1m259[22m[2m[0m ms[22m

  [32m➜[39m  [1mLocal[22m:   [36mhttp://localhost:[1m3000[22m/[39m
[2m  [32m➜[39m  [1mNetwork[22m[2m: use [22m[1m--host[22m[2m to expose[22m

> nira-web@0.1.0 dev
> vite --port 3000


  [32m[1mVITE[22m v5.4.21[39m  [2mready in [0m[1m258[22m[2m[0m ms[22m

  [32m➜[39m  [1mLocal[22m:   [36mhttp://localhost:[1m3000[22m/[39m
[2m  [32m➜[39m  [1mNetwork[22m[2m: use [22m[1m--host[22m[2m to expose[22m

> nira-web@0.1.0 dev
> vite --port 3000


  [32m[1mVITE[22m v5.4.21[39m  [2mready in [0m[1m328[22m[2m[0m ms[22m

  [32m➜[39m  [1mLocal[22m:   [36mhttp://localhost:[1m3000[22m/[39m
[2m  [32m➜[39m  [1mNetwork[22m[2m: use [22m[1m--host[22m[2m to expose[22m

> nira-web@0.1.0 dev
> vite --port 3000


  [32m[1mVITE[22m v5.4.21[39m  [2mready in [0m[1m254[22m[2m[0m ms[22m

  [32m➜[39m  [1mLocal[22m:   [36mhttp://localhost:[1m3000[22m/[39m
[2m  [32m➜[39m  [1mNetwork[22m[2m: use [22m[1m--host[22m[2m to expose[22m

> nira-web@0.1.0 dev
> vite --port 3000


  [32m[1mVITE[22m v5.4.21[39m  [2mready in [0m[1m262[22m[2m[0m ms[22m

  [32m➜[39m  [1mLocal[22m:   [36mhttp://localhost:[1m3000[22m/[39m
[2m  [32m➜[39m  [1mNetwork[22m[2m: use [22m[1m--host[22m[2m to expose[22m

> nira-web@0.1.0 dev
> vite --port 3000


  [32m[1mVITE[22m v5.4.21[39m  [2mready in [0m[1m258[22m[2m[0m ms[22m

  [32m➜[39m  [1mLocal[22m:   [36mhttp://localhost:[1m3000[22m/[39m
[2m  [32m➜[39m  [1mNetwork[22m[2m: use [22m[1m--host[22m[2m to expose[22m

> nira-web@0.1.0 dev
> vite --port 3000


  [32m[1mVITE[22m v5.4.21[39m  [2mready in [0m[1m260[22m[2m[0m ms[22m

  [32m➜[39m  [1mLocal[22m:   [36mhttp://localhost:[1m3000[22m/[39m
[2m  [32m➜[39m  [1mNetwork[22m[2m: use [22m[1m--host[22m[2m to expose[22m

> nira-web@0.1.0 dev
> vite --port 3000


  [32m[1mVITE[22m v5.4.21[39m  [2mready in [0m[1m261[22m[2m[0m ms[22m

  [32m➜[39m  [1mLocal[22m:   [36mhttp://localhost:[1m3000[22m/[39m
[2m  [32m➜[39m  [1mNetwork[22m[2m: use [22m[1m--host[22m[2m to expose[22m

> nira-web@0.1.0 dev
> vite --port 3000


  [32m[1mVITE[22m v5.4.21[39m  [2mready in [0m[1m262[22m[2m[0m ms[22m

  [32m➜[39m  [1mLocal[22m:   [36mhttp://localhost:[1m3000[22m/[39m
[2m  [32m➜[39m  [1mNetwork[22m[2m: use [22m[1m--host[22m[2m to expose[22m

> nira-web@0.1.0 dev
> vite --port 3000


  [32m[1mVITE[22m v5.4.21[39m  [2mready in [0m[1m260[22m[2m[0m ms[22m

  [32m➜[39m  [1mLocal[22m:   [36mhttp://localhost:[1m3000[22m/[39m
[2m  [32m➜[39m  [1mNetwork[22m[2m: use [22m[1m--host[22m[2m to expose[22m

> nira-web@0.1.0 dev
> vite --port 3000


  [32m[1mVITE[22m v5.4.21[39m  [2mready in [0m[1m263[22m[2m[0m ms[22m

  [32m➜[39m  [1mLocal[22m:   [36mhttp://localhost:[1m3000[22m/[39m
[2m  [32m➜[39m  [1mNetwork[22m[2m: use [22m[1m--host[22m[2m to expose[22m

> nira-web@0.1.0 dev
> vite --port 3000


  [32m[1mVITE[22m v5.4.21[39m  [2mready in [0m[1m268[22m[2m[0m ms[22m

  [32m➜[39m  [1mLocal[22m:   [36mhttp://localhost:[1m3000[22m/[39m
[2m  [32m➜[39m  [1mNetwork[22m[2m: use [22m[1m--host[22m[2m to expose[22m

> nira-web@0.1.0 dev
> vite --port 3000


  [32m[1mVITE[22m v5.4.21[39m  [2mready in [0m[1m253[22m[2m[0m ms[22m

  [32m➜[39m  [1mLocal[22m:   [36mhttp://localhost:[1m3000[22m/[39m
[2m  [32m➜[39m  [1mNetwork[22m[2m: use [22m[1m--host[22m[2m to expose[22m

> nira-web@0.1.0 dev
> vite --port 3000


  [32m[1mVITE[22m v5.4.21[39m  [2mready in [0m[1m268[22m[2m[0m ms[22m

  [32m➜[39m  [1mLocal[22m:   [36mhttp://localhost:[1m3000[22m/[39m
[2m  [32m➜[39m  [1mNetwork[22m[2m: use [22m[1m--host[22m[2m to expose[22m

> nira-web@0.1.0 dev
> vite --port 3000


  [32m[1mVITE[22m v5.4.21[39m  [2mready in [0m[1m261[22m[2m[0m ms[22m

  [32m➜[39m  [1mLocal[22m:   [36mhttp://localhost:[1m3000[22m/[39m
[2m  [32m➜[39m  [1mNetwork[22m[2m: use [22m[1m--host[22m[2m to expose[22m

> nira-web@0.1.0 dev
> vite --port 3000


  [32m[1mVITE[22m v5.4.21[39m  [2mready in [0m[1m257[22m[2m[0m ms[22m

  [32m➜[39m  [1mLocal[22m:   [36mhttp://localhost:[1m3000[22m/[39m
[2m  [32m➜[39m  [1mNetwork[22m[2m: use [22m[1m--host[22m[2m to expose[22m

> nira-web@0.1.0 dev
> vite --port 3000


  [32m[1mVITE[22m v5.4.21[39m  [2mready in [0m[1m253[22m[2m[0m ms[22m

  [32m➜[39m  [1mLocal[22m:   [36mhttp://localhost:[1m3000[22m/[39m
[2m  [32m➜[39m  [1mNetwork[22m[2m: use [22m[1m--host[22m[2m to expose[22m

> nira-web@0.1.0 dev
> vite --port 3000


  [32m[1mVITE[22m v5.4.21[39m  [2mready in [0m[1m255[22m[2m[0m ms[22m

  [32m➜[39m  [1mLocal[22m:   [36mhttp://localhost:[1m3000[22m/[39m
[2m  [32m➜[39m  [1mNetwork[22m[2m: use [22m[1m--host[22m[2m to expose[22m

> nira-web@0.1.0 dev
> vite --port 3000


  [32m[1mVITE[22m v5.4.21[39m  [2mready in [0m[1m271[22m[2m[0m ms[22m

  [32m➜[39m  [1mLocal[22m:   [36mhttp://localhost:[1m3000[22m/[39m
[2m  [32m➜[39m  [1mNetwork[22m[2m: use [22m[1m--host[22m[2m to expose[22m

> nira-web@0.1.0 dev
> vite --port 3000


  [32m[1mVITE[22m v5.4.21[39m  [2mready in [0m[1m291[22m[2m[0m ms[22m

  [32m➜[39m  [1mLocal[22m:   [36mhttp://localhost:[1m3000[22m/[39m
[2m  [32m➜[39m  [1mNetwork[22m[2m: use [22m[1m--host[22m[2m to expose[22m

> nira-web@0.1.0 dev
> vite --port 3000


  [32m[1mVITE[22m v5.4.21[39m  [2mready in [0m[1m269[22m[2m[0m ms[22m

  [32m➜[39m  [1mLocal[22m:   [36mhttp://localhost:[1m3000[22m/[39m
[2m  [32m➜[39m  [1mNetwork[22m[2m: use [22m[1m--host[22m[2m to expose[22m

> nira-web@0.1.0 dev
> vite --port 3000


  [32m[1mVITE[22m v5.4.21[39m  [2mready in [0m[1m264[22m[2m[0m ms[22m

  [32m➜[39m  [1mLocal[22m:   [36mhttp://localhost:[1m3000[22m/[39m
[2m  [32m➜[39m  [1mNetwork[22m[2m: use [22m[1m--host[22m[2m to expose[22m

> nira-web@0.1.0 dev
> vite --port 3000


  [32m[1mVITE[22m v5.4.21[39m  [2mready in [0m[1m265[22m[2m[0m ms[22m

  [32m➜[39m  [1mLocal[22m:   [36mhttp://localhost:[1m3000[22m/[39m
[2m  [32m➜[39m  [1mNetwork[22m[2m: use [22m[1m--host[22m[2m to expose[22m

> nira-web@0.1.0 dev
> vite --port 3000


  [32m[1mVITE[22m v5.4.21[39m  [2mready in [0m[1m256[22m[2m[0m ms[22m

  [32m➜[39m  [1mLocal[22m:   [36mhttp://localhost:[1m3000[22m/[39m
[2m  [32m➜[39m  [1mNetwork[22m[2m: use [22m[1m--host[22m[2m to expose[22m

> nira-web@0.1.0 dev
> vite --port 3000


  [32m[1mVITE[22m v5.4.21[39m  [2mready in [0m[1m267[22m[2m[0m ms[22m

  [32m➜[39m  [1mLocal[22m:   [36mhttp://localhost:[1m3000[22m/[39m
[2m  [32m➜[39m  [1mNetwork[22m[2m: use [22m[1m--host[22m[2m to expose[22m

> nira-web@0.1.0 dev
> vite --port 3000


  [32m[1mVITE[22m v5.4.21[39m  [2mready in [0m[1m256[22m[2m[0m ms[22m

  [32m➜[39m  [1mLocal[22m:   [36mhttp://localhost:[1m3000[22m/[39m
[2m  [32m➜[39m  [1mNetwork[22m[2m: use [22m[1m--host[22m[2m to expose[22m

> nira-web@0.1.0 dev
> vite --port 3000


  [32m[1mVITE[22m v5.4.21[39m  [2mready in [0m[1m255[22m[2m[0m ms[22m

  [32m➜[39m  [1mLocal[22m:   [36mhttp://localhost:[1m3000[22m/[39m
[2m  [32m➜[39m  [1mNetwork[22m[2m: use [22m[1m--host[22m[2m to expose[22m

> nira-web@0.1.0 dev
> vite --port 3000


  [32m[1mVITE[22m v5.4.21[39m  [2mready in [0m[1m261[22m[2m[0m ms[22m

  [32m➜[39m  [1mLocal[22m:   [36mhttp://localhost:[1m3000[22m/[39m
[2m  [32m➜[39m  [1mNetwork[22m[2m: use [22m[1m--host[22m[2m to expose[22m

> nira-web@0.1.0 dev
> vite --port 3000


  [32m[1mVITE[22m v5.4.21[39m  [2mready in [0m[1m259[22m[2m[0m ms[22m

  [32m➜[39m  [1mLocal[22m:   [36mhttp://localhost:[1m3000[22m/[39m
[2m  [32m➜[39m  [1mNetwork[22m[2m: use [22m[1m--host[22m[2m to expose[22m

> nira-web@0.1.0 dev
> vite --port 3000


  [32m[1mVITE[22m v5.4.21[39m  [2mready in [0m[1m262[22m[2m[0m ms[22m

  [32m➜[39m  [1mLocal[22m:   [36mhttp://localhost:[1m3000[22m/[39m
[2m  [32m➜[39m  [1mNetwork[22m[2m: use [22m[1m--host[22m[2m to expose[22m

> nira-web@0.1.0 dev
> vite --port 3000


  [32m[1mVITE[22m v5.4.21[39m  [2mready in [0m[1m339[22m[2m[0m ms[22m

  [32m➜[39m  [1mLocal[22m:   [36mhttp://localhost:[1m3000[22m/[39m
[2m  [32m➜[39m  [1mNetwork[22m[2m: use [22m[1m--host[22m[2m to expose[22m

> nira-web@0.1.0 dev
> vite --port 3000


  [32m[1mVITE[22m v5.4.21[39m  [2mready in [0m[1m261[22m[2m[0m ms[22m

  [32m➜[39m  [1mLocal[22m:   [36mhttp://localhost:[1m3000[22m/[39m
[2m  [32m➜[39m  [1mNetwork[22m[2m: use [22m[1m--host[22m[2m to expose[22m
